<html>
<head>
<title>TestNG:  Default test</title>
<link href="../testng.css" rel="stylesheet" type="text/css" />
<link href="../my-testng.css" rel="stylesheet" type="text/css" />

<style type="text/css">
.log { display: none;} 
.stack-trace { display: none;} 
</style>
<script type="text/javascript">
<!--
function flip(e) {
  current = e.style.display;
  if (current == 'block') {
    e.style.display = 'none';
    return 0;
  }
  else {
    e.style.display = 'block';
    return 1;
  }
}

function toggleBox(szDivId, elem, msg1, msg2)
{
  var res = -1;  if (document.getElementById) {
    res = flip(document.getElementById(szDivId));
  }
  else if (document.all) {
    // this is the way old msie versions work
    res = flip(document.all[szDivId]);
  }
  if(elem) {
    if(res == 0) elem.innerHTML = msg1; else elem.innerHTML = msg2;
  }

}

function toggleAllBoxes() {
  if (document.getElementsByTagName) {
    d = document.getElementsByTagName('div');
    for (i = 0; i < d.length; i++) {
      if (d[i].className == 'log') {
        flip(d[i]);
      }
    }
  }
}

// -->
</script>

</head>
<body>
<h2 align='center'>Default test</h2><table border='1' align="center">
<tr>
<td>Tests passed/Failed/Skipped:</td><td>26/4/0</td>
</tr><tr>
<td>Started on:</td><td>Mon May 27 20:55:45 IST 2019</td>
</tr>
<tr><td>Total time:</td><td>2 seconds (2339 ms)</td>
</tr><tr>
<td>Included groups:</td><td></td>
</tr><tr>
<td>Excluded groups:</td><td></td>
</tr>
</table><p/>
<small><i>(Hover the method name to see the test class name)</i></small><p/>
<table width='100%' border='1' class='invocation-failed'>
<tr><td colspan='4' align='center'><b>FAILED TESTS</b></td></tr>
<tr><td><b>Test method</b></td>
<td width="30%"><b>Exception</b></td>
<td width="10%"><b>Time (seconds)</b></td>
<td><b>Instance</b></td>
</tr>
<tr>
<td title='com.agoda.framework.testcase.PasswordChange.callerFunction()'><b>callerFunction</b><br>Test class: com.agoda.framework.testcase.PasswordChange<br>Parameters: An7$asdfghjkiolpjya, UnJK&asdfghjkiolpj, Password must have atleast one digit cha !!, Password must have atleast one digit character !!, FAIL, FALSE</td>
<td><div><pre>java.lang.AssertionError: expected [Password must have atleast one digit cha !!] but found [Password must have atleast one digit character !!]
	at org.testng.Assert.fail(Assert.java:96)
	at org.testng.Assert.failNotEquals(Assert.java:776)
	at org.testng.Assert.assertEqualsImpl(Assert.java:137)
	at org.testng.Assert.assertEquals(Assert.java:118)
	at org.testng.Assert.assertEquals(Assert.java:453)
	at org.testng.Assert.assertEquals(Assert.java:463)
	at com.agoda.framework.util.SupportingFunctions.assertErrorAndUpdateExcel(SupportingFunctions.java:75)
	at com.agoda.framework.util.SupportingFunctions.ChangePassword(SupportingFunctions.java:47)
	at com.agoda.framework.testcase.PasswordChange.callerFunction(PasswordChange.java:32)
	at sun.reflect.GeneratedMethodAccessor1.invoke(Unknown Source)
	at sun.reflect.DelegatingMethodAccessorImpl.invoke(DelegatingMethodAccessorImpl.java:43)
	at java.lang.reflect.Method.invoke(Method.java:498)
	at org.testng.internal.MethodInvocationHelper.invokeMethod(MethodInvocationHelper.java:124)
	at org.testng.internal.Invoker.invokeMethod(Invoker.java:583)
	at org.testng.internal.Invoker.invokeTestMethod(Invoker.java:719)
	at org.testng.internal.Invoker.invokeTestMethods(Invoker.java:989)
	at org.testng.internal.TestMethodWorker.invokeTestMethods(TestMethodWorker.java:125)
	at org.testng.internal.TestMethodWorker.run(TestMethodWorker.java:109)
	at org.testng.TestRunner.privateRun(TestRunner.java:648)
	at org.testng.TestRunner.run(TestRunner.java:505)
	at org.testng.SuiteRunner.runTest(SuiteRunner.java:455)
	at org.testng.SuiteRunner.runSequentially(SuiteRunner.java:450)
	at org.testng.SuiteRunner.privateRun(SuiteRunner.java:415)
	at org.testng.SuiteRunner.run(SuiteRunner.java:364)
	at org.testng.SuiteRunnerWorker.runSuite(SuiteRunnerWorker.java:52)
	at org.testng.SuiteRunnerWorker.run(SuiteRunnerWorker.java:84)
	at org.testng.TestNG.runSuitesSequentially(TestNG.java:1208)
	at org.testng.TestNG.runSuitesLocally(TestNG.java:1137)
	at org.testng.TestNG.runSuites(TestNG.java:1049)
	at org.testng.TestNG.run(TestNG.java:1017)
	at org.testng.remote.AbstractRemoteTestNG.run(AbstractRemoteTestNG.java:115)
	at org.testng.remote.RemoteTestNG.initAndRun(RemoteTestNG.java:251)
	at org.testng.remote.RemoteTestNG.main(RemoteTestNG.java:77)
</pre></div><a href='#' onClick='toggleBox("stack-trace1442726378", this, "Click to show all stack frames", "Click to hide stack frames")'>Click to show all stack frames</a>
<div class='stack-trace' id='stack-trace1442726378'><pre>java.lang.AssertionError: expected [Password must have atleast one digit cha !!] but found [Password must have atleast one digit character !!]
	at org.testng.Assert.fail(Assert.java:96)
	at org.testng.Assert.failNotEquals(Assert.java:776)
	at org.testng.Assert.assertEqualsImpl(Assert.java:137)
	at org.testng.Assert.assertEquals(Assert.java:118)
	at org.testng.Assert.assertEquals(Assert.java:453)
	at org.testng.Assert.assertEquals(Assert.java:463)
	at com.agoda.framework.util.SupportingFunctions.assertErrorAndUpdateExcel(SupportingFunctions.java:75)
	at com.agoda.framework.util.SupportingFunctions.ChangePassword(SupportingFunctions.java:47)
	at com.agoda.framework.testcase.PasswordChange.callerFunction(PasswordChange.java:32)
	at sun.reflect.GeneratedMethodAccessor1.invoke(Unknown Source)
	at sun.reflect.DelegatingMethodAccessorImpl.invoke(DelegatingMethodAccessorImpl.java:43)
	at java.lang.reflect.Method.invoke(Method.java:498)
	at org.testng.internal.MethodInvocationHelper.invokeMethod(MethodInvocationHelper.java:124)
	at org.testng.internal.Invoker.invokeMethod(Invoker.java:583)
	at org.testng.internal.Invoker.invokeTestMethod(Invoker.java:719)
	at org.testng.internal.Invoker.invokeTestMethods(Invoker.java:989)
	at org.testng.internal.TestMethodWorker.invokeTestMethods(TestMethodWorker.java:125)
	at org.testng.internal.TestMethodWorker.run(TestMethodWorker.java:109)
	at org.testng.TestRunner.privateRun(TestRunner.java:648)
	at org.testng.TestRunner.run(TestRunner.java:505)
	at org.testng.SuiteRunner.runTest(SuiteRunner.java:455)
	at org.testng.SuiteRunner.runSequentially(SuiteRunner.java:450)
	at org.testng.SuiteRunner.privateRun(SuiteRunner.java:415)
	at org.testng.SuiteRunner.run(SuiteRunner.java:364)
	at org.testng.SuiteRunnerWorker.runSuite(SuiteRunnerWorker.java:52)
	at org.testng.SuiteRunnerWorker.run(SuiteRunnerWorker.java:84)
	at org.testng.TestNG.runSuitesSequentially(TestNG.java:1208)
	at org.testng.TestNG.runSuitesLocally(TestNG.java:1137)
	at org.testng.TestNG.runSuites(TestNG.java:1049)
	at org.testng.TestNG.run(TestNG.java:1017)
	at org.testng.remote.AbstractRemoteTestNG.run(AbstractRemoteTestNG.java:115)
	at org.testng.remote.RemoteTestNG.initAndRun(RemoteTestNG.java:251)
	at org.testng.remote.RemoteTestNG.main(RemoteTestNG.java:77)
</pre></div></td>
<td>0</td>
<td>com.agoda.framework.testcase.PasswordChange@2a5ca609</td></tr>
<tr>
<td title='com.agoda.framework.testcase.PasswordChange.callerFunction()'><b>callerFunction</b><br>Test class: com.agoda.framework.testcase.PasswordChange<br>Parameters: An7$asdfghjkiolpjya, nasdfghjkiolpjjjjj, P must have atleast one special character !!, Password must have atleast one uppercase character !!, Password must have atleast one digit character !!, Password have repeated character more than 4 times i.e j, Password must have atleast one special character !!, Password must have atleast one uppercase character !!, Password must have atleast one digit character !!, Password have repeated character more than 4 times i.e j, FAIL, FALSE</td>
<td><div><pre>java.lang.AssertionError: expected [P must have atleast one special character !!, Password must have atleast one uppercase character !!, Password must have atleast one digit character !!, Password have repeated character more than 4 times i.e j] but found [Password must have atleast one special character !!, Password must have atleast one uppercase character !!, Password must have atleast one digit character !!, Password have repeated character more than 4 times i.e j]
	at org.testng.Assert.fail(Assert.java:96)
	at org.testng.Assert.failNotEquals(Assert.java:776)
	at org.testng.Assert.assertEqualsImpl(Assert.java:137)
	at org.testng.Assert.assertEquals(Assert.java:118)
	at org.testng.Assert.assertEquals(Assert.java:453)
	at org.testng.Assert.assertEquals(Assert.java:463)
	at com.agoda.framework.util.SupportingFunctions.assertErrorAndUpdateExcel(SupportingFunctions.java:75)
	at com.agoda.framework.util.SupportingFunctions.ChangePassword(SupportingFunctions.java:47)
	at com.agoda.framework.testcase.PasswordChange.callerFunction(PasswordChange.java:32)
	at sun.reflect.GeneratedMethodAccessor1.invoke(Unknown Source)
	at sun.reflect.DelegatingMethodAccessorImpl.invoke(DelegatingMethodAccessorImpl.java:43)
	at java.lang.reflect.Method.invoke(Method.java:498)
	at org.testng.internal.MethodInvocationHelper.invokeMethod(MethodInvocationHelper.java:124)
	at org.testng.internal.Invoker.invokeMethod(Invoker.java:583)
	at org.testng.internal.Invoker.invokeTestMethod(Invoker.java:719)
	at org.testng.internal.Invoker.invokeTestMethods(Invoker.java:989)
	at org.testng.internal.TestMethodWorker.invokeTestMethods(TestMethodWorker.java:125)
	at org.testng.internal.TestMethodWorker.run(TestMethodWorker.java:109)
	at org.testng.TestRunner.privateRun(TestRunner.java:648)
	at org.testng.TestRunner.run(TestRunner.java:505)
	at org.testng.SuiteRunner.runTest(SuiteRunner.java:455)
	at org.testng.SuiteRunner.runSequentially(SuiteRunner.java:450)
	at org.testng.SuiteRunner.privateRun(SuiteRunner.java:415)
	at org.testng.SuiteRunner.run(SuiteRunner.java:364)
	at org.testng.SuiteRunnerWorker.runSuite(SuiteRunnerWorker.java:52)
	at org.testng.SuiteRunnerWorker.run(SuiteRunnerWorker.java:84)
	at org.testng.TestNG.runSuitesSequentially(TestNG.java:1208)
	at org.testng.TestNG.runSuitesLocally(TestNG.java:1137)
	at org.testng.TestNG.runSuites(TestNG.java:1049)
	at org.testng.TestNG.run(TestNG.java:1017)
	at org.testng.remote.AbstractRemoteTestNG.run(AbstractRemoteTestNG.java:115)
	at org.testng.remote.RemoteTestNG.initAndRun(RemoteTestNG.java:251)
	at org.testng.remote.RemoteTestNG.main(RemoteTestNG.java:77)
</pre></div><a href='#' onClick='toggleBox("stack-trace484589713", this, "Click to show all stack frames", "Click to hide stack frames")'>Click to show all stack frames</a>
<div class='stack-trace' id='stack-trace484589713'><pre>java.lang.AssertionError: expected [P must have atleast one special character !!, Password must have atleast one uppercase character !!, Password must have atleast one digit character !!, Password have repeated character more than 4 times i.e j] but found [Password must have atleast one special character !!, Password must have atleast one uppercase character !!, Password must have atleast one digit character !!, Password have repeated character more than 4 times i.e j]
	at org.testng.Assert.fail(Assert.java:96)
	at org.testng.Assert.failNotEquals(Assert.java:776)
	at org.testng.Assert.assertEqualsImpl(Assert.java:137)
	at org.testng.Assert.assertEquals(Assert.java:118)
	at org.testng.Assert.assertEquals(Assert.java:453)
	at org.testng.Assert.assertEquals(Assert.java:463)
	at com.agoda.framework.util.SupportingFunctions.assertErrorAndUpdateExcel(SupportingFunctions.java:75)
	at com.agoda.framework.util.SupportingFunctions.ChangePassword(SupportingFunctions.java:47)
	at com.agoda.framework.testcase.PasswordChange.callerFunction(PasswordChange.java:32)
	at sun.reflect.GeneratedMethodAccessor1.invoke(Unknown Source)
	at sun.reflect.DelegatingMethodAccessorImpl.invoke(DelegatingMethodAccessorImpl.java:43)
	at java.lang.reflect.Method.invoke(Method.java:498)
	at org.testng.internal.MethodInvocationHelper.invokeMethod(MethodInvocationHelper.java:124)
	at org.testng.internal.Invoker.invokeMethod(Invoker.java:583)
	at org.testng.internal.Invoker.invokeTestMethod(Invoker.java:719)
	at org.testng.internal.Invoker.invokeTestMethods(Invoker.java:989)
	at org.testng.internal.TestMethodWorker.invokeTestMethods(TestMethodWorker.java:125)
	at org.testng.internal.TestMethodWorker.run(TestMethodWorker.java:109)
	at org.testng.TestRunner.privateRun(TestRunner.java:648)
	at org.testng.TestRunner.run(TestRunner.java:505)
	at org.testng.SuiteRunner.runTest(SuiteRunner.java:455)
	at org.testng.SuiteRunner.runSequentially(SuiteRunner.java:450)
	at org.testng.SuiteRunner.privateRun(SuiteRunner.java:415)
	at org.testng.SuiteRunner.run(SuiteRunner.java:364)
	at org.testng.SuiteRunnerWorker.runSuite(SuiteRunnerWorker.java:52)
	at org.testng.SuiteRunnerWorker.run(SuiteRunnerWorker.java:84)
	at org.testng.TestNG.runSuitesSequentially(TestNG.java:1208)
	at org.testng.TestNG.runSuitesLocally(TestNG.java:1137)
	at org.testng.TestNG.runSuites(TestNG.java:1049)
	at org.testng.TestNG.run(TestNG.java:1017)
	at org.testng.remote.AbstractRemoteTestNG.run(AbstractRemoteTestNG.java:115)
	at org.testng.remote.RemoteTestNG.initAndRun(RemoteTestNG.java:251)
	at org.testng.remote.RemoteTestNG.main(RemoteTestNG.java:77)
</pre></div></td>
<td>0</td>
<td>com.agoda.framework.testcase.PasswordChange@2a5ca609</td></tr>
<tr>
<td title='com.agoda.framework.testcase.PasswordChange.callerFunction()'><b>callerFunction</b><br>Test class: com.agoda.framework.testcase.PasswordChange<br>Parameters: An7$asdfghjkiolpjya, Un*iasdfghj1234567890, % of password is a number !!, 50 % of password is a number !!, FAIL, FALSE</td>
<td><div><pre>java.lang.AssertionError: expected [% of password is a number !!] but found [50 % of password is a number !!]
	at org.testng.Assert.fail(Assert.java:96)
	at org.testng.Assert.failNotEquals(Assert.java:776)
	at org.testng.Assert.assertEqualsImpl(Assert.java:137)
	at org.testng.Assert.assertEquals(Assert.java:118)
	at org.testng.Assert.assertEquals(Assert.java:453)
	at org.testng.Assert.assertEquals(Assert.java:463)
	at com.agoda.framework.util.SupportingFunctions.assertErrorAndUpdateExcel(SupportingFunctions.java:75)
	at com.agoda.framework.util.SupportingFunctions.ChangePassword(SupportingFunctions.java:47)
	at com.agoda.framework.testcase.PasswordChange.callerFunction(PasswordChange.java:32)
	at sun.reflect.GeneratedMethodAccessor1.invoke(Unknown Source)
	at sun.reflect.DelegatingMethodAccessorImpl.invoke(DelegatingMethodAccessorImpl.java:43)
	at java.lang.reflect.Method.invoke(Method.java:498)
	at org.testng.internal.MethodInvocationHelper.invokeMethod(MethodInvocationHelper.java:124)
	at org.testng.internal.Invoker.invokeMethod(Invoker.java:583)
	at org.testng.internal.Invoker.invokeTestMethod(Invoker.java:719)
	at org.testng.internal.Invoker.invokeTestMethods(Invoker.java:989)
	at org.testng.internal.TestMethodWorker.invokeTestMethods(TestMethodWorker.java:125)
	at org.testng.internal.TestMethodWorker.run(TestMethodWorker.java:109)
	at org.testng.TestRunner.privateRun(TestRunner.java:648)
	at org.testng.TestRunner.run(TestRunner.java:505)
	at org.testng.SuiteRunner.runTest(SuiteRunner.java:455)
	at org.testng.SuiteRunner.runSequentially(SuiteRunner.java:450)
	at org.testng.SuiteRunner.privateRun(SuiteRunner.java:415)
	at org.testng.SuiteRunner.run(SuiteRunner.java:364)
	at org.testng.SuiteRunnerWorker.runSuite(SuiteRunnerWorker.java:52)
	at org.testng.SuiteRunnerWorker.run(SuiteRunnerWorker.java:84)
	at org.testng.TestNG.runSuitesSequentially(TestNG.java:1208)
	at org.testng.TestNG.runSuitesLocally(TestNG.java:1137)
	at org.testng.TestNG.runSuites(TestNG.java:1049)
	at org.testng.TestNG.run(TestNG.java:1017)
	at org.testng.remote.AbstractRemoteTestNG.run(AbstractRemoteTestNG.java:115)
	at org.testng.remote.RemoteTestNG.initAndRun(RemoteTestNG.java:251)
	at org.testng.remote.RemoteTestNG.main(RemoteTestNG.java:77)
</pre></div><a href='#' onClick='toggleBox("stack-trace2056031695", this, "Click to show all stack frames", "Click to hide stack frames")'>Click to show all stack frames</a>
<div class='stack-trace' id='stack-trace2056031695'><pre>java.lang.AssertionError: expected [% of password is a number !!] but found [50 % of password is a number !!]
	at org.testng.Assert.fail(Assert.java:96)
	at org.testng.Assert.failNotEquals(Assert.java:776)
	at org.testng.Assert.assertEqualsImpl(Assert.java:137)
	at org.testng.Assert.assertEquals(Assert.java:118)
	at org.testng.Assert.assertEquals(Assert.java:453)
	at org.testng.Assert.assertEquals(Assert.java:463)
	at com.agoda.framework.util.SupportingFunctions.assertErrorAndUpdateExcel(SupportingFunctions.java:75)
	at com.agoda.framework.util.SupportingFunctions.ChangePassword(SupportingFunctions.java:47)
	at com.agoda.framework.testcase.PasswordChange.callerFunction(PasswordChange.java:32)
	at sun.reflect.GeneratedMethodAccessor1.invoke(Unknown Source)
	at sun.reflect.DelegatingMethodAccessorImpl.invoke(DelegatingMethodAccessorImpl.java:43)
	at java.lang.reflect.Method.invoke(Method.java:498)
	at org.testng.internal.MethodInvocationHelper.invokeMethod(MethodInvocationHelper.java:124)
	at org.testng.internal.Invoker.invokeMethod(Invoker.java:583)
	at org.testng.internal.Invoker.invokeTestMethod(Invoker.java:719)
	at org.testng.internal.Invoker.invokeTestMethods(Invoker.java:989)
	at org.testng.internal.TestMethodWorker.invokeTestMethods(TestMethodWorker.java:125)
	at org.testng.internal.TestMethodWorker.run(TestMethodWorker.java:109)
	at org.testng.TestRunner.privateRun(TestRunner.java:648)
	at org.testng.TestRunner.run(TestRunner.java:505)
	at org.testng.SuiteRunner.runTest(SuiteRunner.java:455)
	at org.testng.SuiteRunner.runSequentially(SuiteRunner.java:450)
	at org.testng.SuiteRunner.privateRun(SuiteRunner.java:415)
	at org.testng.SuiteRunner.run(SuiteRunner.java:364)
	at org.testng.SuiteRunnerWorker.runSuite(SuiteRunnerWorker.java:52)
	at org.testng.SuiteRunnerWorker.run(SuiteRunnerWorker.java:84)
	at org.testng.TestNG.runSuitesSequentially(TestNG.java:1208)
	at org.testng.TestNG.runSuitesLocally(TestNG.java:1137)
	at org.testng.TestNG.runSuites(TestNG.java:1049)
	at org.testng.TestNG.run(TestNG.java:1017)
	at org.testng.remote.AbstractRemoteTestNG.run(AbstractRemoteTestNG.java:115)
	at org.testng.remote.RemoteTestNG.initAndRun(RemoteTestNG.java:251)
	at org.testng.remote.RemoteTestNG.main(RemoteTestNG.java:77)
</pre></div></td>
<td>0</td>
<td>com.agoda.framework.testcase.PasswordChange@2a5ca609</td></tr>
<tr>
<td title='com.agoda.framework.testcase.PasswordChange.callerFunction()'><b>callerFunction</b><br>Test class: com.agoda.framework.testcase.PasswordChange<br>Parameters: An7$asdfghjkiolpjya, Un7$asdfghjkiolpjfdgfgf, New password is similar to old password by more than 80%, Try , New password is similar to old password by more than 80%, Try new password, FAIL, FALSE</td>
<td><div><pre>java.lang.AssertionError: expected [New password is similar to old password by more than 80%, Try ] but found [New password is similar to old password by more than 80%, Try new password]
	at org.testng.Assert.fail(Assert.java:96)
	at org.testng.Assert.failNotEquals(Assert.java:776)
	at org.testng.Assert.assertEqualsImpl(Assert.java:137)
	at org.testng.Assert.assertEquals(Assert.java:118)
	at org.testng.Assert.assertEquals(Assert.java:453)
	at org.testng.Assert.assertEquals(Assert.java:463)
	at com.agoda.framework.util.SupportingFunctions.assertErrorAndUpdateExcel(SupportingFunctions.java:75)
	at com.agoda.framework.util.SupportingFunctions.ChangePassword(SupportingFunctions.java:44)
	at com.agoda.framework.testcase.PasswordChange.callerFunction(PasswordChange.java:32)
	at sun.reflect.GeneratedMethodAccessor1.invoke(Unknown Source)
	at sun.reflect.DelegatingMethodAccessorImpl.invoke(DelegatingMethodAccessorImpl.java:43)
	at java.lang.reflect.Method.invoke(Method.java:498)
	at org.testng.internal.MethodInvocationHelper.invokeMethod(MethodInvocationHelper.java:124)
	at org.testng.internal.Invoker.invokeMethod(Invoker.java:583)
	at org.testng.internal.Invoker.invokeTestMethod(Invoker.java:719)
	at org.testng.internal.Invoker.invokeTestMethods(Invoker.java:989)
	at org.testng.internal.TestMethodWorker.invokeTestMethods(TestMethodWorker.java:125)
	at org.testng.internal.TestMethodWorker.run(TestMethodWorker.java:109)
	at org.testng.TestRunner.privateRun(TestRunner.java:648)
	at org.testng.TestRunner.run(TestRunner.java:505)
	at org.testng.SuiteRunner.runTest(SuiteRunner.java:455)
	at org.testng.SuiteRunner.runSequentially(SuiteRunner.java:450)
	at org.testng.SuiteRunner.privateRun(SuiteRunner.java:415)
	at org.testng.SuiteRunner.run(SuiteRunner.java:364)
	at org.testng.SuiteRunnerWorker.runSuite(SuiteRunnerWorker.java:52)
	at org.testng.SuiteRunnerWorker.run(SuiteRunnerWorker.java:84)
	at org.testng.TestNG.runSuitesSequentially(TestNG.java:1208)
	at org.testng.TestNG.runSuitesLocally(TestNG.java:1137)
	at org.testng.TestNG.runSuites(TestNG.java:1049)
	at org.testng.TestNG.run(TestNG.java:1017)
	at org.testng.remote.AbstractRemoteTestNG.run(AbstractRemoteTestNG.java:115)
	at org.testng.remote.RemoteTestNG.initAndRun(RemoteTestNG.java:251)
	at org.testng.remote.RemoteTestNG.main(RemoteTestNG.java:77)
</pre></div><a href='#' onClick='toggleBox("stack-trace718187988", this, "Click to show all stack frames", "Click to hide stack frames")'>Click to show all stack frames</a>
<div class='stack-trace' id='stack-trace718187988'><pre>java.lang.AssertionError: expected [New password is similar to old password by more than 80%, Try ] but found [New password is similar to old password by more than 80%, Try new password]
	at org.testng.Assert.fail(Assert.java:96)
	at org.testng.Assert.failNotEquals(Assert.java:776)
	at org.testng.Assert.assertEqualsImpl(Assert.java:137)
	at org.testng.Assert.assertEquals(Assert.java:118)
	at org.testng.Assert.assertEquals(Assert.java:453)
	at org.testng.Assert.assertEquals(Assert.java:463)
	at com.agoda.framework.util.SupportingFunctions.assertErrorAndUpdateExcel(SupportingFunctions.java:75)
	at com.agoda.framework.util.SupportingFunctions.ChangePassword(SupportingFunctions.java:44)
	at com.agoda.framework.testcase.PasswordChange.callerFunction(PasswordChange.java:32)
	at sun.reflect.GeneratedMethodAccessor1.invoke(Unknown Source)
	at sun.reflect.DelegatingMethodAccessorImpl.invoke(DelegatingMethodAccessorImpl.java:43)
	at java.lang.reflect.Method.invoke(Method.java:498)
	at org.testng.internal.MethodInvocationHelper.invokeMethod(MethodInvocationHelper.java:124)
	at org.testng.internal.Invoker.invokeMethod(Invoker.java:583)
	at org.testng.internal.Invoker.invokeTestMethod(Invoker.java:719)
	at org.testng.internal.Invoker.invokeTestMethods(Invoker.java:989)
	at org.testng.internal.TestMethodWorker.invokeTestMethods(TestMethodWorker.java:125)
	at org.testng.internal.TestMethodWorker.run(TestMethodWorker.java:109)
	at org.testng.TestRunner.privateRun(TestRunner.java:648)
	at org.testng.TestRunner.run(TestRunner.java:505)
	at org.testng.SuiteRunner.runTest(SuiteRunner.java:455)
	at org.testng.SuiteRunner.runSequentially(SuiteRunner.java:450)
	at org.testng.SuiteRunner.privateRun(SuiteRunner.java:415)
	at org.testng.SuiteRunner.run(SuiteRunner.java:364)
	at org.testng.SuiteRunnerWorker.runSuite(SuiteRunnerWorker.java:52)
	at org.testng.SuiteRunnerWorker.run(SuiteRunnerWorker.java:84)
	at org.testng.TestNG.runSuitesSequentially(TestNG.java:1208)
	at org.testng.TestNG.runSuitesLocally(TestNG.java:1137)
	at org.testng.TestNG.runSuites(TestNG.java:1049)
	at org.testng.TestNG.run(TestNG.java:1017)
	at org.testng.remote.AbstractRemoteTestNG.run(AbstractRemoteTestNG.java:115)
	at org.testng.remote.RemoteTestNG.initAndRun(RemoteTestNG.java:251)
	at org.testng.remote.RemoteTestNG.main(RemoteTestNG.java:77)
</pre></div></td>
<td>0</td>
<td>com.agoda.framework.testcase.PasswordChange@2a5ca609</td></tr>
</table><p>
<table width='100%' border='1' class='invocation-passed'>
<tr><td colspan='4' align='center'><b>PASSED TESTS</b></td></tr>
<tr><td><b>Test method</b></td>
<td width="30%"><b>Exception</b></td>
<td width="10%"><b>Time (seconds)</b></td>
<td><b>Instance</b></td>
</tr>
<tr>
<td title='com.agoda.framework.testcase.PasswordChange.callerFunction()'><b>callerFunction</b><br>Test class: com.agoda.framework.testcase.PasswordChange<br>Parameters: An7$asdfghjkiolpjya, , Please enter new password, Please enter new password, PASS, FALSE</td>
<td></td>
<td>0</td>
<td>com.agoda.framework.testcase.PasswordChange@2a5ca609</td></tr>
<tr>
<td title='com.agoda.framework.testcase.PasswordChange.callerFunction()'><b>callerFunction</b><br>Test class: com.agoda.framework.testcase.PasswordChange<br>Parameters: , Jeeta12345678, Please enter old password, Please enter old password, PASS, FALSE</td>
<td></td>
<td>0</td>
<td>com.agoda.framework.testcase.PasswordChange@2a5ca609</td></tr>
<tr>
<td title='com.agoda.framework.testcase.PasswordChange.callerFunction()'><b>callerFunction</b><br>Test class: com.agoda.framework.testcase.PasswordChange<br>Parameters: Jtender Kumar, Un7$asdfghjkiolpjfdgfgf, Old Password is not exist !!, Old Password is not exist !!, PASS, FALSE</td>
<td></td>
<td>0</td>
<td>com.agoda.framework.testcase.PasswordChange@2a5ca609</td></tr>
<tr>
<td title='com.agoda.framework.testcase.PasswordChange.callerFunction()'><b>callerFunction</b><br>Test class: com.agoda.framework.testcase.PasswordChange<br>Parameters: Jtender Kumar, Jeeta12345678, Old Password is not exist !!, Old Password is not exist !!, PASS, FALSE</td>
<td></td>
<td>0</td>
<td>com.agoda.framework.testcase.PasswordChange@2a5ca609</td></tr>
<tr>
<td title='com.agoda.framework.testcase.PasswordChange.callerFunction()'><b>callerFunction</b><br>Test class: com.agoda.framework.testcase.PasswordChange<br>Parameters: An7$asdfghjkiolpjya, Un7$asdfghjkiolpj, Password lenght must have atleast 18 character !!, Password lenght must have atleast 18 character !!, PASS, FALSE</td>
<td></td>
<td>0</td>
<td>com.agoda.framework.testcase.PasswordChange@2a5ca609</td></tr>
<tr>
<td title='com.agoda.framework.testcase.PasswordChange.callerFunction()'><b>callerFunction</b><br>Test class: com.agoda.framework.testcase.PasswordChange<br>Parameters: An7$asdfghjkiolpjya, Un7asdfghjkiolpjyu, Password must have atleast one special character !!, Password must have atleast one special character !!, PASS, FALSE</td>
<td></td>
<td>0</td>
<td>com.agoda.framework.testcase.PasswordChange@2a5ca609</td></tr>
<tr>
<td title='com.agoda.framework.testcase.PasswordChange.callerFunction()'><b>callerFunction</b><br>Test class: com.agoda.framework.testcase.PasswordChange<br>Parameters: An7$asdfghjkiolpjya, Un7asdfghjkiolpjyu^), Password must have atleast one special character !!, Password must have atleast one special character !!, PASS, FALSE</td>
<td></td>
<td>0</td>
<td>com.agoda.framework.testcase.PasswordChange@2a5ca609</td></tr>
<tr>
<td title='com.agoda.framework.testcase.PasswordChange.callerFunction()'><b>callerFunction</b><br>Test class: com.agoda.framework.testcase.PasswordChange<br>Parameters: An7$asdfghjkiolpjya, jkn7&asdfghjkiolpj, Password must have atleast one uppercase character !!, Password must have atleast one uppercase character !!, PASS, FALSE</td>
<td></td>
<td>0</td>
<td>com.agoda.framework.testcase.PasswordChange@2a5ca609</td></tr>
<tr>
<td title='com.agoda.framework.testcase.PasswordChange.callerFunction()'><b>callerFunction</b><br>Test class: com.agoda.framework.testcase.PasswordChange<br>Parameters: An7$asdfghjkiolpjya, U7&BHUJKLOIU8YTF45, Password must have atleast one lowercase character !!, Password must have atleast one lowercase character !!, PASS, FALSE</td>
<td></td>
<td>0</td>
<td>com.agoda.framework.testcase.PasswordChange@2a5ca609</td></tr>
<tr>
<td title='com.agoda.framework.testcase.PasswordChange.callerFunction()'><b>callerFunction</b><br>Test class: com.agoda.framework.testcase.PasswordChange<br>Parameters: An7$asdfghjkiolpjya, UnJK&asdfghjkiolpj, Password must have atleast one digit character !!, Password must have atleast one digit character !!, PASS, FALSE</td>
<td></td>
<td>0</td>
<td>com.agoda.framework.testcase.PasswordChange@2a5ca609</td></tr>
<tr>
<td title='com.agoda.framework.testcase.PasswordChange.callerFunction()'><b>callerFunction</b><br>Test class: com.agoda.framework.testcase.PasswordChange<br>Parameters: An7$asdfghjkiolpjya, jkn7&ajkiolpjUUUUUsdsd, Password have repeated character more than 4 times i.e U, Password have repeated character more than 4 times i.e U, PASS, FALSE</td>
<td></td>
<td>0</td>
<td>com.agoda.framework.testcase.PasswordChange@2a5ca609</td></tr>
<tr>
<td title='com.agoda.framework.testcase.PasswordChange.callerFunction()'><b>callerFunction</b><br>Test class: com.agoda.framework.testcase.PasswordChange<br>Parameters: An7$asdfghjkiolpjya, *****dfghjkiolpjUabcde6, Password have more than 4 special character i.e *, Password must have atleast one uppercase character !!, Password have more than 4 special character i.e *, FAIL, FALSE</td>
<td></td>
<td>0</td>
<td>com.agoda.framework.testcase.PasswordChange@2a5ca609</td></tr>
<tr>
<td title='com.agoda.framework.testcase.PasswordChange.callerFunction()'><b>callerFunction</b><br>Test class: com.agoda.framework.testcase.PasswordChange<br>Parameters: An7$asdfghjkiolpjya, Un*iasdfghj1234567890, 50 % of password is a number !!, 50 % of password is a number !!, PASS, FALSE</td>
<td></td>
<td>0</td>
<td>com.agoda.framework.testcase.PasswordChange@2a5ca609</td></tr>
<tr>
<td title='com.agoda.framework.testcase.PasswordChange.callerFunction()'><b>callerFunction</b><br>Test class: com.agoda.framework.testcase.PasswordChange<br>Parameters: An7$asdfghjkiolpjya, nasdfghjkiolpj, Password lenght must have atleast 18 character !!, Password must have atleast one special character !!, Password must have atleast one uppercase character !!, Password must have atleast one digit character !!, Password lenght must have atleast 18 character !!, Password must have atleast one special character !!, Password must have atleast one uppercase character !!, Password must have atleast one digit character !!, PASS, FALSE</td>
<td></td>
<td>0</td>
<td>com.agoda.framework.testcase.PasswordChange@2a5ca609</td></tr>
<tr>
<td title='com.agoda.framework.testcase.PasswordChange.callerFunction()'><b>callerFunction</b><br>Test class: com.agoda.framework.testcase.PasswordChange<br>Parameters: An7$asdfghjkiolpjya, nasdfghjkiolpjjjjj, Password must have atleast one special character !!, Password must have atleast one uppercase character !!, Password must have atleast one digit character !!, Password have repeated character more than 4 times i.e j, Password must have atleast one special character !!, Password must have atleast one uppercase character !!, Password must have atleast one digit character !!, Password have repeated character more than 4 times i.e j, PASS, FALSE</td>
<td></td>
<td>0</td>
<td>com.agoda.framework.testcase.PasswordChange@2a5ca609</td></tr>
<tr>
<td title='com.agoda.framework.testcase.PasswordChange.callerFunction()'><b>callerFunction</b><br>Test class: com.agoda.framework.testcase.PasswordChange<br>Parameters: An7$asdfghjkiolpjya, nasdfghjkiolp*****, Password must have atleast one uppercase character !!, Password must have atleast one digit character !!, Password have more than 4 special character i.e *, Password must have atleast one uppercase character !!, Password must have atleast one digit character !!, Password have more than 4 special character i.e *, PASS, FALSE</td>
<td></td>
<td>0</td>
<td>com.agoda.framework.testcase.PasswordChange@2a5ca609</td></tr>
<tr>
<td title='com.agoda.framework.testcase.PasswordChange.callerFunction()'><b>callerFunction</b><br>Test class: com.agoda.framework.testcase.PasswordChange<br>Parameters: An7$asdfghjkiolpjya, *****dfghjkiolpjUUUUU6, Password have more than 4 special character i.e *, Password have repeated character more than 4 times i.e U, Password have more than 4 special character i.e *, Password have repeated character more than 4 times i.e U, PASS, FALSE</td>
<td></td>
<td>0</td>
<td>com.agoda.framework.testcase.PasswordChange@2a5ca609</td></tr>
<tr>
<td title='com.agoda.framework.testcase.PasswordChange.callerFunction()'><b>callerFunction</b><br>Test class: com.agoda.framework.testcase.PasswordChange<br>Parameters: An7$asdfghjkiolpjya, *****d666666666UUUUU6, Password have more than 4 special character i.e *, Password have repeated character more than 4 times i.e 6, 50 % of password is a number !!, Password have more than 4 special character i.e *, Password have repeated character more than 4 times i.e 6, 50 % of password is a number !!, PASS, FALSE</td>
<td></td>
<td>0</td>
<td>com.agoda.framework.testcase.PasswordChange@2a5ca609</td></tr>
<tr>
<td title='com.agoda.framework.testcase.PasswordChange.callerFunction()'><b>callerFunction</b><br>Test class: com.agoda.framework.testcase.PasswordChange<br>Parameters: An7$asdfghjkiolpjya, Un7$asdfghjkiolpjfdgfgf, New password is similar to old password by more than 80%, Try new password, New password is similar to old password by more than 80%, Try new password, PASS, FALSE</td>
<td></td>
<td>0</td>
<td>com.agoda.framework.testcase.PasswordChange@2a5ca609</td></tr>
<tr>
<td title='com.agoda.framework.testcase.PasswordChange.callerFunction()'><b>callerFunction</b><br>Test class: com.agoda.framework.testcase.PasswordChange<br>Parameters: Bn7$asdfghjkiolpjyb, Un7$asdfghjkiolpjfdgfgf, New password is similar to old password by more than 80%, Try new password, New password is similar to old password by more than 80%, Try new password, PASS, FALSE</td>
<td></td>
<td>0</td>
<td>com.agoda.framework.testcase.PasswordChange@2a5ca609</td></tr>
<tr>
<td title='com.agoda.framework.testcase.PasswordChange.callerFunction()'><b>callerFunction</b><br>Test class: com.agoda.framework.testcase.PasswordChange<br>Parameters: Bn7$asdfghjkiolpjyb, Un$asdfghjkiolpjfdgfgf, Password must have atleast one digit character !!, Password must have atleast one digit character !!, PASS, FALSE</td>
<td></td>
<td>0</td>
<td>com.agoda.framework.testcase.PasswordChange@2a5ca609</td></tr>
<tr>
<td title='com.agoda.framework.testcase.PasswordChange.callerFunction()'><b>callerFunction</b><br>Test class: com.agoda.framework.testcase.PasswordChange<br>Parameters: Bn7$asdfghjkiolpjyb, Un7asdfghjkiolpjfdgfgf, Password must have atleast one special character !!, Password must have atleast one special character !!, PASS, FALSE</td>
<td></td>
<td>0</td>
<td>com.agoda.framework.testcase.PasswordChange@2a5ca609</td></tr>
<tr>
<td title='com.agoda.framework.testcase.PasswordChange.callerFunction()'><b>callerFunction</b><br>Test class: com.agoda.framework.testcase.PasswordChange<br>Parameters: An7$asdfghjkiolpjya, Un7$asdfghjkabcdefg, , , PASS, TRUE</td>
<td></td>
<td>0</td>
<td>com.agoda.framework.testcase.PasswordChange@2a5ca609</td></tr>
<tr>
<td title='com.agoda.framework.testcase.PasswordChange.callerFunction()'><b>callerFunction</b><br>Test class: com.agoda.framework.testcase.PasswordChange<br>Parameters: Bn7$asdfghjkiolpjyb, Un7$asdfghjkab1234, , , PASS, TRUE</td>
<td></td>
<td>0</td>
<td>com.agoda.framework.testcase.PasswordChange@2a5ca609</td></tr>
<tr>
<td title='com.agoda.framework.testcase.PasswordChange.callerFunction()'><b>callerFunction</b><br>Test class: com.agoda.framework.testcase.PasswordChange<br>Parameters: Cn7$asdfghjkiolpjyc, Un7$asdfghjk*^jdk90, , , PASS, TRUE</td>
<td></td>
<td>0</td>
<td>com.agoda.framework.testcase.PasswordChange@2a5ca609</td></tr>
<tr>
<td title='com.agoda.framework.testcase.PasswordChange.callerFunction()'><b>callerFunction</b><br>Test class: com.agoda.framework.testcase.PasswordChange<br>Parameters: Dn7$asdfghjkiolpjyd, Un7$asdfgh9768u%*h, , , PASS, TRUE</td>
<td></td>
<td>0</td>
<td>com.agoda.framework.testcase.PasswordChange@2a5ca609</td></tr>
</table><p>
</body>
</html>